<?xml version="1.0" encoding="UTF-8" ?>
<testsuite tests="1" failures="1" name="cucumbertest.TestRunner_web" time="0.707" errors="0" skipped="0">
  <properties>
    <property name="idea.version" value="2024.1"/>
    <property name="java.runtime.name" value="Java(TM) SE Runtime Environment"/>
    <property name="sun.boot.library.path" value="C:\Program Files\Java\jdk-1.8\jre\bin"/>
    <property name="java.vm.version" value="25.371-b11"/>
    <property name="java.vm.vendor" value="Oracle Corporation"/>
    <property name="maven.multiModuleProjectDirectory" value="C:\Users\Raksha\Desktop\SFWF\Automation\New_SFWF"/>
    <property name="java.vendor.url" value="http://java.oracle.com/"/>
    <property name="path.separator" value=";"/>
    <property name="guice.disable.misplaced.annotation.check" value="true"/>
    <property name="java.vm.name" value="Java HotSpot(TM) 64-Bit Server VM"/>
    <property name="file.encoding.pkg" value="sun.io"/>
    <property name="user.script" value=""/>
    <property name="user.country" value="GB"/>
    <property name="sun.java.launcher" value="SUN_STANDARD"/>
    <property name="sun.os.patch.level" value=""/>
    <property name="java.vm.specification.name" value="Java Virtual Machine Specification"/>
    <property name="user.dir" value="C:\Users\Raksha\Desktop\SFWF\Automation\New_SFWF"/>
    <property name="java.runtime.version" value="1.8.0_371-b11"/>
    <property name="java.awt.graphicsenv" value="sun.awt.Win32GraphicsEnvironment"/>
    <property name="java.endorsed.dirs" value="C:\Program Files\Java\jdk-1.8\jre\lib\endorsed"/>
    <property name="os.arch" value="amd64"/>
    <property name="java.io.tmpdir" value="C:\Users\Raksha\AppData\Local\Temp\"/>
    <property name="line.separator" value="
"/>
    <property name="java.vm.specification.vendor" value="Oracle Corporation"/>
    <property name="user.variant" value=""/>
    <property name="os.name" value="Windows 11"/>
    <property name="maven.ext.class.path" value="C:\Program Files\JetBrains\IntelliJ IDEA Community Edition 2024.1\plugins\maven\lib\maven-event-listener.jar"/>
    <property name="classworlds.conf" value="C:\Program Files\apache-maven-3.8.1-bin\apache-maven-3.8.1\bin\m2.conf"/>
    <property name="sun.jnu.encoding" value="Cp1252"/>
    <property name="java.library.path" value="C:\Program Files\Java\jdk-1.8\bin;C:\WINDOWS\Sun\Java\bin;C:\WINDOWS\system32;C:\WINDOWS;C:\Program Files (x86)\Common Files\Oracle\Java\javapath;C:\WINDOWS\system32;C:\WINDOWS;C:\WINDOWS\System32\Wbem;C:\WINDOWS\System32\WindowsPowerShell\v1.0\;C:\WINDOWS\System32\OpenSSH\;C:\Program Files\JetBrains\IntelliJ IDEA Community Edition 2024.1\bin;C:\Program Files\Java\jdk-1.8\bin;C:\Program Files\apache-maven-3.8.1-bin\apache-maven-3.8.1\bin;C:\Program Files\Java\jre-1.8\bin;C:\Program Files\Git\cmd;C:\Users\Raksha\AppData\Local\Microsoft\WindowsApps;;C:\Program Files\JetBrains\IntelliJ IDEA Community Edition 2024.1\bin;;."/>
    <property name="jansi.passthrough" value="true"/>
    <property name="maven.conf" value="C:\Program Files\apache-maven-3.8.1-bin\apache-maven-3.8.1/conf"/>
    <property name="java.specification.name" value="Java Platform API Specification"/>
    <property name="java.class.version" value="52.0"/>
    <property name="sun.management.compiler" value="HotSpot 64-Bit Tiered Compilers"/>
    <property name="os.version" value="10.0"/>
    <property name="user.home" value="C:\Users\Raksha"/>
    <property name="user.timezone" value="Indian/Mauritius"/>
    <property name="java.awt.printerjob" value="sun.awt.windows.WPrinterJob"/>
    <property name="java.specification.version" value="1.8"/>
    <property name="file.encoding" value="UTF-8"/>
    <property name="user.name" value="Raksha"/>
    <property name="java.class.path" value="C:\Program Files\apache-maven-3.8.1-bin\apache-maven-3.8.1\boot\plexus-classworlds-2.6.0.jar;C:\Program Files\apache-maven-3.8.1-bin\apache-maven-3.8.1\boot\plexus-classworlds.license;C:\Program Files\JetBrains\IntelliJ IDEA Community Edition 2024.1\lib\idea_rt.jar"/>
    <property name="java.vm.specification.version" value="1.8"/>
    <property name="sun.arch.data.model" value="64"/>
    <property name="java.home" value="C:\Program Files\Java\jdk-1.8\jre"/>
    <property name="sun.java.command" value="org.codehaus.classworlds.Launcher -Didea.version=2024.1 test"/>
    <property name="java.specification.vendor" value="Oracle Corporation"/>
    <property name="user.language" value="en"/>
    <property name="awt.toolkit" value="sun.awt.windows.WToolkit"/>
    <property name="java.vm.info" value="mixed mode"/>
    <property name="java.version" value="1.8.0_371"/>
    <property name="java.ext.dirs" value="C:\Program Files\Java\jdk-1.8\jre\lib\ext;C:\WINDOWS\Sun\Java\lib\ext"/>
    <property name="sun.boot.class.path" value="C:\Program Files\Java\jdk-1.8\jre\lib\resources.jar;C:\Program Files\Java\jdk-1.8\jre\lib\rt.jar;C:\Program Files\Java\jdk-1.8\jre\lib\jsse.jar;C:\Program Files\Java\jdk-1.8\jre\lib\jce.jar;C:\Program Files\Java\jdk-1.8\jre\lib\charsets.jar;C:\Program Files\Java\jdk-1.8\jre\lib\jfr.jar;C:\Program Files\Java\jdk-1.8\jre\classes"/>
    <property name="java.vendor" value="Oracle Corporation"/>
    <property name="java.specification.maintenance.version" value="4"/>
    <property name="maven.home" value="C:\Program Files\apache-maven-3.8.1-bin\apache-maven-3.8.1"/>
    <property name="file.separator" value="\"/>
    <property name="java.vendor.url.bug" value="http://bugreport.sun.com/bugreport/"/>
    <property name="sun.cpu.endian" value="little"/>
    <property name="sun.io.unicode.encoding" value="UnicodeLittle"/>
    <property name="sun.desktop" value="windows"/>
    <property name="sun.cpu.isalist" value="amd64"/>
  </properties>
  <testcase classname="cucumbertest.TestRunner_web" name="runCukes" time="0.707">
    <failure message="Error parsing feature file features/US13364_14829.feature" type="cucumber.runtime.CucumberException">cucumber.runtime.CucumberException: Error parsing feature file features/US13364_14829.feature
	at cucumber.runtime.FeatureBuilder.parse(FeatureBuilder.java:133)
	at cucumber.runtime.model.CucumberFeature.loadFromFeaturePath(CucumberFeature.java:104)
	at cucumber.runtime.model.CucumberFeature.load(CucumberFeature.java:54)
	at cucumber.runtime.model.CucumberFeature.load(CucumberFeature.java:34)
	at cucumber.runtime.RuntimeOptions.cucumberFeatures(RuntimeOptions.java:239)
	at cucumber.api.testng.TestNGCucumberRunner.getFeatures(TestNGCucumberRunner.java:85)
	at cucumber.api.testng.TestNGCucumberRunner.runCukes(TestNGCucumberRunner.java:49)
	at cucumbertest.TestRunner_web.runCukes(TestRunner_web.java:25)
Caused by: gherkin.lexer.LexingError: Lexing error on line 1: &apos;l#User Story 13364 -Form - Group Personal Accident Cover (GPAC) – Claim
#User Story 14928 - Workflow

@Main_feature @US13364_14829 @GOC
Feature: User Story 13361 and 14829 -Form - Fertiliser Subsidy Scheme (FSS) and workflow

   #Scenario1
  @Application_for_GPAC
  Scenario Outline: Application for Group Personal Accident Cover (GPAC) – Claim and Workflow

    Given I am on SFWF Front Office Home Page GOC &quot;&lt;Browser&gt;&quot;
    When I Input Registered Maupass User&apos;s Username &quot;&lt;Username&gt;&quot; and Password &quot;&lt;FPassword&gt;&quot;
    And I Click on Sign In button in Maupass
    And I Verify Applicant&apos;s Successful Login
    And I Click on Register as Farmer
    And I Verify that User is directed to My Application Page
    And I Verify display of Farmers Card link
    And I Verify Programmes link
    And I Click on Programmes
    And I Click on New Programmes
    And I Verify Programme Type Page
    And I Click to Apply for Group Personal Accident Cover (GPAC)
    And I Verify Display of INDIAN OCEAN GENERAL ASSURANCE (IOGA) / SMALL FARMERS WELFARE FUND (SFWF)
    And I Input Type of Farmer &quot;&lt;Farmer_Type&gt;&quot;
    And I Input Accident Particulars &quot;&lt;Date_of_Accident&gt;&quot; &quot;&lt;Time_of_Accident&gt;&quot; &quot;&lt;Place_of_Accident&gt;&quot; &quot;&lt;Cause_of_Accident&gt;&quot; &quot;&lt;Kind_of_Work&gt;&quot; &quot;&lt;Particulars_Statement&gt;&quot;
    And I Click on Save and Continue
    And I Verify General Information Tab
    And I Input Medical Cost &quot;&lt;Medical_Cost&gt;&quot;
    And I Select &quot;&lt;Accident_Related&gt;&quot; for Has the medical treatment related to the accident been completed?
    And I Select &quot;&lt;Additional_Medical_Charges_option&gt;&quot; for If yes, are there any additional medical charges?
    And I Input &quot;&lt;Additional_Medical_Charges_amount&gt;&quot; for Details of Additional Medical Charges
    And I Click on Save and Continue
    And I Verify Upload Required Documents Page is displayed
    And I Click on Add Additional Document
    And I Input Additional Document Name &quot;&lt;Additional_Doc_Name&gt;&quot;
    And I Verify Success message for adding Additional Document Name
    And I Upload Documents &quot;&lt;Upload_test&gt;&quot;
    And I Verify for Document Upload Success Message
    And I Click on Save and Continue
    And I Verify Terms and Conditions Page
    And I click on I agree to the Terms and Conditions
    And I Click on Submit Application &quot;&lt;Confirmation&gt;&quot;
    And I Verify Success message for Application of Programmes Submitted
    And I Copy Programmes Ref Number
    Then I Sign Out as Front Registered User

    #    WPO
    And I am on SFWF Back Office Home Page GOC &quot;&lt;Browser&gt;&quot;
    And I Input WPO Username &quot;&lt;WpoUsername&gt;&quot; and Password &quot;&lt;Password&gt;&quot;
    And I Click on Sign In button
    And I Verify Successful Login
    And I Click to view All Programmes
    And I Search for Programmes Ref Number as a Back Office User
    And I Click to view Programmes
    And I Click on Action Button
    And I Select Under Query for Programmes
    And I Input External Remarks &quot;&lt;Remarks&gt;&quot;
    And I Click on Under Query Notification for Programmes
    And I Verify Success Message for Under Query Notification for Programmes
    And I Click on Save Actions for Programmes
    And I Verify for success message for workflow saved
    And I Sign Out
    And I Verify Successful Sign Out

     #    Applicant after under query
    Given I am on SFWF Front Office Home Page GOC &quot;&lt;Browser&gt;&quot;
    When I Input Registered Maupass User&apos;s Username &quot;&lt;Username&gt;&quot; and Password &quot;&lt;FPassword&gt;&quot;
    And I Click on Sign In button in Maupass
    And I Verify Applicant&apos;s Successful Login
    And I Click on Register as Farmer
    And I Verify that User is directed to My Application Page
    And I Verify display of Farmers Card link
    And I Verify Programmes link
    And I Click on Programmes
    And I Search for Programme Ref Number for re-submit
    And I Verify Display of INDIAN OCEAN GENERAL ASSURANCE (IOGA) / SMALL FARMERS WELFARE FUND (SFWF)
    And I Click on Save and Continue
    And I Verify General Information Tab
    And I Click on Save and Continue
    And I Verify Upload Required Documents Page is displayed
    And I Click on Save and Continue
    And I Verify Terms and Conditions Page
    And I Click on Submit Application &quot;&lt;Confirmation&gt;&quot;
    And I Verify Success message for application submitted
    Then I Sign Out as Front Registered User

        #    WPO
    And I am on SFWF Back Office Home Page GOC &quot;&lt;Browser&gt;&quot;
    And I Input WPO Username &quot;&lt;WpoUsername&gt;&quot; and Password &quot;&lt;Password&gt;&quot;
    And I Click on Sign In button
    And I Verify Successful Login
    And I Click to view All Programmes
    And I Search for Application Ref Number as a Back Office User
    And I Click to view Application
    And I Click on Action Button
    And I Select Assigned for Programmes
    And I Select TO User
    And I Input Remarks &quot;&lt;Remarks&gt;&quot;
    And I Click on Save Actions
    And I Verify for success message for assigning
    And I Sign Out
    And I Verify Successful Sign Out

        #    TO
    And I am on SFWF Back Office Home Page GOC &quot;&lt;Browser&gt;&quot;
    And I Input TO Username &quot;&lt;TOUsername&gt;&quot; and Password &quot;&lt;Password&gt;&quot;
    And I Click on Sign In button
    And I Verify Successful Login
    And I Click on All Applications
    And I Verify display of list of registrations page
    And I Search for Application Ref Number as a Back Office User
    And I Click to view Application
    And I Click on Site Report Tab
    And I Select Bonafide Planter &quot;&lt;Bonafide&gt;&quot;
    And I Input Site visit remarks &quot;&lt;Remarks&gt;&quot;
    And I Upload Site Report &quot;&lt;Upload_test&gt;&quot;
    And I Verify for Document Upload Success Message for Site Visit
    And I Click on Save Button
    And I Verify Site Visit saved success message
    And I Click on Action Button
    And I Select Assigned
    And I Select WPO
    And I Input Remarks &quot;&lt;Remarks&gt;&quot;
    And I Click on Save Actions
    And I Verify for success message for assigning
    And I Sign Out
    And I Verify Successful Sign Out


    Examples:
      |Browser|Username |FPassword      |Password |PwoUsername|WpoUsername|WOUsername |TOUsername|Farmer_Type  |Date_of_Accident|Time_of_Accident|Place_of_Accident|Cause_of_Accident|Kind_of_Work |Particulars_Statement|Medical_Cost|Accident_Related|Additional_Medical_Charges_option|Additional_Medical_Charges_amount|Additional_Doc_Name|Upload_test                        |Confirmation|Remarks        |
      |Chrome |ybhunjun5|Mauritius1!1710|Admin@123|PWO        |WPO        |WO         |TO        |Small Planter|01/10/2024      |11:45 AM        |Karo Cane        |Explosion        |Planting Cane|Engine exploded      |45000       |Yes             |Yes                              |Surgery abroad                   |Add Doc Test       |src\test\resources\Upload_Test1.pdf|Yes         |This is a Test |

%_FEATURE_END_%&apos;. See http://wiki.github.com/cucumber/gherkin/lexingerror for more information.
	at gherkin.lexer.En.scan(En.java:872)
	at gherkin.lexer.I18nLexer.scan(I18nLexer.java:36)
	at gherkin.parser.Parser.parse(Parser.java:62)
	at cucumber.runtime.FeatureBuilder.parse(FeatureBuilder.java:131)
	... 40 more
</failure>
    <system-out>Configuring TestNG with: org.apache.maven.surefire.testng.conf.TestNG652Configurator@2cfb4a64
</system-out>
  </testcase>
</testsuite>