<?xml version="1.0" encoding="UTF-8"?>
<!-- Generated by org.testng.reporters.JUnitReportReporter -->
<testsuite hostname="SIL-LTDELLi7-G6" name="cucumbertest.TestRunner_web" tests="1" failures="0" timestamp="19 Sep 2024 09:51:03 GMT" time="0.830" errors="0">
  <testcase name="runCukes" time="0.830" classname="cucumbertest.TestRunner_web"/>
</testsuite> <!-- cucumbertest.TestRunner_web -->
