<?xml version="1.0" encoding="UTF-8"?>
<!-- Generated by org.testng.reporters.JUnitReportReporter -->
<testsuite hostname="SIL-LT5-VeeralakshmiG" name="cucumbertest.TestRunner_web" tests="1" failures="0" timestamp="4 Oct 2024 10:09:21 GMT" time="35.512" errors="0">
  <testcase name="runCukes" time="35.512" classname="cucumbertest.TestRunner_web"/>
</testsuite> <!-- cucumbertest.TestRunner_web -->
