<?xml version="1.0" encoding="UTF-8"?>
<!-- Generated by org.testng.reporters.JUnitReportReporter -->
<testsuite hostname="SIL-LTDELLi7-G6" name="cucumbertest.TestRunner_web" tests="1" failures="0" timestamp="15 Oct 2024 07:52:52 GMT" time="454.754" errors="0">
  <testcase name="runCukes" time="454.754" classname="cucumbertest.TestRunner_web"/>
</testsuite> <!-- cucumbertest.TestRunner_web -->
