<?xml version="1.0" encoding="UTF-8"?>
<!-- Generated by org.testng.reporters.JUnitReportReporter -->
<testsuite hostname="SIL-LTDELLi7-G6" name="cucumbertest.TestRunner_web" tests="1" failures="0" timestamp="13 Oct 2024 12:10:43 GMT" time="407.441" errors="0">
  <testcase name="runCukes" time="407.441" classname="cucumbertest.TestRunner_web"/>
</testsuite> <!-- cucumbertest.TestRunner_web -->
