<?xml version="1.0" encoding="UTF-8"?>
<!-- Generated by org.testng.reporters.JUnitReportReporter -->
<testsuite hostname="SIL-LT5-RakshaL" name="cucumbertest.TestRunner_web" tests="1" failures="0" timestamp="7 Oct 2024 07:57:31 GMT" time="39.528" errors="0">
  <testcase name="runCukes" time="39.528" classname="cucumbertest.TestRunner_web"/>
</testsuite> <!-- cucumbertest.TestRunner_web -->
